#
# There is insufficient memory for the Java Runtime Environment to continue.
# Native memory allocation (malloc) failed to allocate 1048576 bytes. Error detail: AllocateHeap
# Possible reasons:
#   The system is out of physical RAM or swap space
#   This process is running with CompressedOops enabled, and the Java Heap may be blocking the growth of the native heap
# Possible solutions:
#   Reduce memory load on the system
#   Increase physical memory or swap space
#   Check if swap backing store is full
#   Decrease Java heap size (-Xmx/-Xms)
#   Decrease number of Java threads
#   Decrease Java thread stack sizes (-Xss)
#   Set larger code cache with -XX:ReservedCodeCacheSize=
#   JVM is running with Unscaled Compressed Oops mode in which the Java heap is
#     placed in the first 4GB address space. The Java Heap base address is the
#     maximum limit for the native heap growth. Please use -XX:HeapBaseMinAddress
#     to set the Java Heap base and to place the Java Heap above 4GB virtual address.
# This output file may be truncated or incomplete.
#
#  Out of Memory Error (allocation.cpp:44), pid=7820, tid=15420
#
# JRE version: OpenJDK Runtime Environment Temurin-21.0.10+7 (21.0.10+7) (build 21.0.10+7-LTS)
# Java VM: OpenJDK 64-Bit Server VM Temurin-21.0.10+7 (21.0.10+7-LTS, mixed mode, sharing, tiered, compressed oops, compressed class ptrs, parallel gc, windows-amd64)
# No core dump will be written. Minidumps are not enabled by default on client versions of Windows
#

---------------  S U M M A R Y ------------

Command Line: --add-modules=ALL-SYSTEM --add-opens=java.base/java.util=ALL-UNNAMED --add-opens=java.base/java.lang=ALL-UNNAMED --add-opens=java.base/sun.nio.fs=ALL-UNNAMED -Declipse.application=org.eclipse.jdt.ls.core.id1 -Dosgi.bundles.defaultStartLevel=4 -Declipse.product=org.eclipse.jdt.ls.core.product -Djava.import.generatesMetadataFilesAtProjectRoot=false -DDetectVMInstallationsJob.disabled=true -Dfile.encoding=utf8 -XX:+UseParallelGC -XX:GCTimeRatio=4 -XX:AdaptiveSizePolicyWeight=90 -Dsun.zip.disableMemoryMapping=true -Xmx2G -Xms100m -Xlog:disable -javaagent:c:\Users\HP\.vscode\extensions\redhat.java-1.53.0-win32-x64\lombok\lombok-1.18.39-4050.jar -XX:+HeapDumpOnOutOfMemoryError -XX:HeapDumpPath=c:\Users\HP\AppData\Roaming\Code\User\workspaceStorage\b3d969d917db44ecfed6621dfab0d056\redhat.java -Daether.dependencyCollector.impl=bf c:\Users\HP\.vscode\extensions\redhat.java-1.53.0-win32-x64\server\plugins\org.eclipse.equinox.launcher_1.7.100.v20251111-0406.jar -configuration c:\Users\HP\AppData\Roaming\Code\User\globalStorage\redhat.java\1.53.0\config_win -data c:\Users\HP\AppData\Roaming\Code\User\workspaceStorage\b3d969d917db44ecfed6621dfab0d056\redhat.java\jdt_ws --pipe=\\.\pipe\lsp-e7ce58111cd6f087fd5a73d761c6f4cf-sock

Host: Intel(R) Core(TM) i5-8350U CPU @ 1.70GHz, 8 cores, 11G,  Windows 11 , 64 bit Build 22621 (10.0.22621.5415)
Time: Wed Mar 18 22:18:02 2026 Co-ordinated Universal Time elapsed time: 5908.319755 seconds (0d 1h 38m 28s)

---------------  T H R E A D  ---------------

Current thread (0x0000020d4ad97290):  JavaThread "Attach Listener" daemon [_thread_in_vm, id=15420, stack(0x0000006429300000,0x0000006429400000) (1024K)]

Stack: [0x0000006429300000,0x0000006429400000]
Native frames: (J=compiled Java code, j=interpreted, Vv=VM code, C=native code)
V  [jvm.dll+0x6d7a39]
V  [jvm.dll+0x8b4b26]
V  [jvm.dll+0x8b70de]
V  [jvm.dll+0x8b77c3]
V  [jvm.dll+0x284346]
V  [jvm.dll+0xc1277]
V  [jvm.dll+0x6d82e9]
V  [jvm.dll+0x1334a6]
V  [jvm.dll+0x3f857e]
V  [jvm.dll+0x85f59d]
V  [jvm.dll+0x6d626d]
C  [ucrtbase.dll+0x29333]
C  [KERNEL32.DLL+0x1259d]
C  [ntdll.dll+0x5af78]


---------------  P R O C E S S  ---------------

Threads class SMR info:
_java_thread_list=0x0000020d69f63d90, length=35, elements={
0x0000020d4ae1e7a0, 0x0000020d4aed9940, 0x0000020d4aedc870, 0x0000020d4ad942e0,
0x0000020d4ad97290, 0x0000020d4ad98d00, 0x0000020d4ad99760, 0x0000020d4ad9c900,
0x0000020d4adcd520, 0x0000020d6329d520, 0x0000020d63348080, 0x0000020d63abd6e0,
0x0000020d63b27fe0, 0x0000020d6824f4f0, 0x0000020d6317ad80, 0x0000020d631e62d0,
0x0000020d637920c0, 0x0000020d689ab2e0, 0x0000020d681dc2e0, 0x0000020d681ddd20,
0x0000020d6995cb70, 0x0000020d6995df20, 0x0000020d6995f960, 0x0000020d6995d200,
0x0000020d6995d890, 0x0000020d6995fff0, 0x0000020d6995e5b0, 0x0000020d6995ec40,
0x0000020d6995f2d0, 0x0000020d69959060, 0x0000020d699596f0, 0x0000020d69959d80,
0x0000020d6b16cbd0, 0x0000020d6b169de0, 0x0000020d6d28c510
}

Java Threads: ( => current thread )
  0x0000020d4ae1e7a0 JavaThread "main"                              [_thread_blocked, id=13628, stack(0x0000006428c00000,0x0000006428d00000) (1024K)]
  0x0000020d4aed9940 JavaThread "Reference Handler"          daemon [_thread_blocked, id=8856, stack(0x0000006429000000,0x0000006429100000) (1024K)]
  0x0000020d4aedc870 JavaThread "Finalizer"                  daemon [_thread_blocked, id=5740, stack(0x0000006429100000,0x0000006429200000) (1024K)]
  0x0000020d4ad942e0 JavaThread "Signal Dispatcher"          daemon [_thread_blocked, id=8172, stack(0x0000006429200000,0x0000006429300000) (1024K)]
=>0x0000020d4ad97290 JavaThread "Attach Listener"            daemon [_thread_in_vm, id=15420, stack(0x0000006429300000,0x0000006429400000) (1024K)]
  0x0000020d4ad98d00 JavaThread "Service Thread"             daemon [_thread_blocked, id=5176, stack(0x0000006429400000,0x0000006429500000) (1024K)]
  0x0000020d4ad99760 JavaThread "Monitor Deflation Thread"   daemon [_thread_blocked, id=10116, stack(0x0000006429500000,0x0000006429600000) (1024K)]
  0x0000020d4ad9c900 JavaThread "C2 CompilerThread0"         daemon [_thread_blocked, id=15400, stack(0x0000006429600000,0x0000006429700000) (1024K)]
  0x0000020d4adcd520 JavaThread "C1 CompilerThread0"         daemon [_thread_blocked, id=15612, stack(0x0000006429700000,0x0000006429800000) (1024K)]
  0x0000020d6329d520 JavaThread "Common-Cleaner"             daemon [_thread_blocked, id=18308, stack(0x0000006429800000,0x0000006429900000) (1024K)]
  0x0000020d63348080 JavaThread "Notification Thread"        daemon [_thread_blocked, id=18328, stack(0x0000006429900000,0x0000006429a00000) (1024K)]
  0x0000020d63abd6e0 JavaThread "Active Thread: Equinox Container: a0ea3af9-a095-4632-8140-e43725c841f8"        [_thread_blocked, id=10768, stack(0x000000642a200000,0x000000642a300000) (1024K)]
  0x0000020d63b27fe0 JavaThread "Refresh Thread: Equinox Container: a0ea3af9-a095-4632-8140-e43725c841f8" daemon [_thread_blocked, id=6340, stack(0x0000006429b00000,0x0000006429c00000) (1024K)]
  0x0000020d6824f4f0 JavaThread "Framework Event Dispatcher: Equinox Container: a0ea3af9-a095-4632-8140-e43725c841f8" daemon [_thread_blocked, id=13672, stack(0x000000642a300000,0x000000642a400000) (1024K)]
  0x0000020d6317ad80 JavaThread "Start Level: Equinox Container: a0ea3af9-a095-4632-8140-e43725c841f8" daemon [_thread_blocked, id=13680, stack(0x000000642a400000,0x000000642a500000) (1024K)]
  0x0000020d631e62d0 JavaThread "Bundle File Closer"         daemon [_thread_blocked, id=3504, stack(0x000000642a600000,0x000000642a700000) (1024K)]
  0x0000020d637920c0 JavaThread "SCR Component Actor"        daemon [_thread_blocked, id=8112, stack(0x0000006428b00000,0x0000006428c00000) (1024K)]
  0x0000020d689ab2e0 JavaThread "Worker-JM"                         [_thread_blocked, id=11300, stack(0x000000642a800000,0x000000642a900000) (1024K)]
  0x0000020d681dc2e0 JavaThread "Java indexing"              daemon [_thread_blocked, id=4684, stack(0x000000642ad00000,0x000000642ae00000) (1024K)]
  0x0000020d681ddd20 JavaThread "JNA Cleaner"                daemon [_thread_blocked, id=13376, stack(0x000000642ae00000,0x000000642af00000) (1024K)]
  0x0000020d6995cb70 JavaThread "Thread-1"                   daemon [_thread_in_native, id=8604, stack(0x000000642b400000,0x000000642b500000) (1024K)]
  0x0000020d6995df20 JavaThread "Thread-2"                   daemon [_thread_in_native, id=10880, stack(0x000000642b500000,0x000000642b600000) (1024K)]
  0x0000020d6995f960 JavaThread "Thread-3"                   daemon [_thread_in_native, id=13120, stack(0x000000642b600000,0x000000642b700000) (1024K)]
  0x0000020d6995d200 JavaThread "Thread-4"                   daemon [_thread_in_native, id=10764, stack(0x000000642b700000,0x000000642b800000) (1024K)]
  0x0000020d6995d890 JavaThread "Thread-5"                   daemon [_thread_in_native, id=16272, stack(0x000000642b800000,0x000000642b900000) (1024K)]
  0x0000020d6995fff0 JavaThread "Thread-6"                   daemon [_thread_in_native, id=20136, stack(0x000000642b900000,0x000000642ba00000) (1024K)]
  0x0000020d6995e5b0 JavaThread "Thread-7"                   daemon [_thread_in_native, id=12728, stack(0x000000642ba00000,0x000000642bb00000) (1024K)]
  0x0000020d6995ec40 JavaThread "Thread-8"                   daemon [_thread_in_native, id=13880, stack(0x000000642bb00000,0x000000642bc00000) (1024K)]
  0x0000020d6995f2d0 JavaThread "Thread-9"                   daemon [_thread_in_native, id=13476, stack(0x000000642bc00000,0x000000642bd00000) (1024K)]
  0x0000020d69959060 JavaThread "pool-2-thread-1"                   [_thread_blocked, id=12464, stack(0x000000642bd00000,0x000000642be00000) (1024K)]
  0x0000020d699596f0 JavaThread "WorkspaceEventsHandler"            [_thread_blocked, id=20260, stack(0x000000642be00000,0x000000642bf00000) (1024K)]
  0x0000020d69959d80 JavaThread "pool-1-thread-1"                   [_thread_blocked, id=9200, stack(0x000000642bf00000,0x000000642c000000) (1024K)]
  0x0000020d6b16cbd0 JavaThread "Cleaner-0"                  daemon [_thread_blocked, id=21624, stack(0x000000642c600000,0x000000642c700000) (1024K)]
  0x0000020d6b169de0 JavaThread "Worker-47"                         [_thread_blocked, id=22088, stack(0x0000006428900000,0x0000006428a00000) (1024K)]
  0x0000020d6d28c510 JavaThread "Worker-51"                         [_thread_blocked, id=7176, stack(0x000000642a700000,0x000000642a800000) (1024K)]
Total: 35

Other Threads:
  0x0000020d4aec0050 VMThread "VM Thread"                           [id=5188, stack(0x0000006428f00000,0x0000006429000000) (1024K)]
  0x0000020d4acaca10 WatcherThread "VM Periodic Task Thread"        [id=9176, stack(0x0000006428e00000,0x0000006428f00000) (1024K)]
  0x0000020d4ae3d800 WorkerThread "GC Thread#0"                     [id=4712, stack(0x0000006428d00000,0x0000006428e00000) (1024K)]
  0x0000020d6394cb20 WorkerThread "GC Thread#1"                     [id=12400, stack(0x0000006429c00000,0x0000006429d00000) (1024K)]
  0x0000020d63751b60 WorkerThread "GC Thread#2"                     [id=10736, stack(0x0000006429d00000,0x0000006429e00000) (1024K)]
  0x0000020d63751f10 WorkerThread "GC Thread#3"                     [id=7052, stack(0x0000006429e00000,0x0000006429f00000) (1024K)]
  0x0000020d6339b020 WorkerThread "GC Thread#4"                     [id=9640, stack(0x0000006429f00000,0x000000642a000000) (1024K)]
  0x0000020d6339b3d0 WorkerThread "GC Thread#5"                     [id=13704, stack(0x000000642a000000,0x000000642a100000) (1024K)]
  0x0000020d6339b780 WorkerThread "GC Thread#6"                     [id=7532, stack(0x000000642a100000,0x000000642a200000) (1024K)]
  0x0000020d4adc3690 WorkerThread "GC Thread#7"                     [id=16348, stack(0x0000006429a00000,0x0000006429b00000) (1024K)]
Total: 10

Threads with active compile tasks:
Total: 0

VM state: not at safepoint (normal execution)

VM Mutex/Monitor currently owned by a thread: None

Heap address: 0x0000000080000000, size: 2048 MB, Compressed Oops mode: 32-bit

CDS archive(s) mapped at: [0x0000020d00000000-0x0000020d00ba0000-0x0000020d00ba0000), size 12189696, SharedBaseAddress: 0x0000020d00000000, ArchiveRelocationMode: 1.
Compressed class space mapped at: 0x0000020d01000000-0x0000020d41000000, reserved size: 1073741824
Narrow klass base: 0x0000020d00000000, Narrow klass shift: 0, Narrow klass range: 0x100000000

GC Precious Log:
 CardTable entry size: 512
 CPUs: 8 total, 8 available
 Memory: 12131M
 Large Page Support: Disabled
 NUMA Support: Disabled
 Compressed Oops: Enabled (32-bit)
 Alignments: Space 512K, Generation 512K, Heap 2M
 Heap Min Capacity: 100M
 Heap Initial Capacity: 100M
 Heap Max Capacity: 2G
 Pre-touch: Disabled
 Parallel Workers: 8

Heap:
 PSYoungGen      total 5632K, used 4099K [0x00000000d5580000, 0x00000000d6100000, 0x0000000100000000)
  eden space 5120K, 73% used [0x00000000d5580000,0x00000000d5930f78,0x00000000d5a80000)
  from space 512K, 62% used [0x00000000d6000000,0x00000000d6050020,0x00000000d6080000)
  to   space 512K, 0% used [0x00000000d6080000,0x00000000d6080000,0x00000000d6100000)
 ParOldGen       total 1193472K, used 1191708K [0x0000000080000000, 0x00000000c8d80000, 0x00000000d5580000)
  object space 1193472K, 99% used [0x0000000080000000,0x00000000c8bc7380,0x00000000c8d80000)
 Metaspace       used 92213K, committed 94080K, reserved 1179648K
  class space    used 9536K, committed 10368K, reserved 1048576K

Card table byte_map: [0x0000020d4a7c0000,0x0000020d4abd0000] _byte_map_base: 0x0000020d4a3c0000

Marking Bits: (ParMarkBitMap*) 0x00007ff81d263450
 Begin Bits: [0x0000020d5d2d0000, 0x0000020d5f2d0000)
 End Bits:   [0x0000020d5f2d0000, 0x0000020d612d0000)

Polling page: 0x0000020d48c80000

Metaspace:

Usage:
  Non-class:     80.74 MB used.
      Class:      9.31 MB used.
       Both:     90.05 MB used.

Virtual space:
  Non-class space:      128.00 MB reserved,      81.75 MB ( 64%) committed,  2 nodes.
      Class space:        1.00 GB reserved,      10.12 MB ( <1%) committed,  1 nodes.
             Both:        1.12 GB reserved,      91.88 MB (  8%) committed. 

Chunk freelists:
   Non-Class:  13.92 MB
       Class:  5.87 MB
        Both:  19.79 MB

MaxMetaspaceSize: unlimited
CompressedClassSpaceSize: 1.00 GB
Initial GC threshold: 21.00 MB
Current GC threshold: 146.69 MB
CDS: on
 - commit_granule_bytes: 65536.
 - commit_granule_words: 8192.
 - virtual_space_node_default_size: 8388608.
 - enlarge_chunks_in_place: 1.
 - use_allocation_guard: 0.


Internal statistics:

num_allocs_failed_limit: 13.
num_arena_births: 1858.
num_arena_deaths: 314.
num_vsnodes_births: 3.
num_vsnodes_deaths: 0.
num_space_committed: 1470.
num_space_uncommitted: 0.
num_chunks_returned_to_freelist: 375.
num_chunks_taken_from_freelist: 6454.
num_chunk_merges: 94.
num_chunk_splits: 3724.
num_chunks_enlarged: 2023.
num_inconsistent_stats: 0.

CodeHeap 'non-profiled nmethods': size=120000Kb used=17631Kb max_used=17631Kb free=102368Kb
 bounds [0x0000020d55af0000, 0x0000020d56c30000, 0x0000020d5d020000]
CodeHeap 'profiled nmethods': size=120000Kb used=41446Kb max_used=42700Kb free=78553Kb
 bounds [0x0000020d4e020000, 0x0000020d509e0000, 0x0000020d55550000]
CodeHeap 'non-nmethods': size=5760Kb used=1535Kb max_used=1607Kb free=4224Kb
 bounds [0x0000020d55550000, 0x0000020d557c0000, 0x0000020d55af0000]
CodeCache: size=245760Kb, used=60612Kb, max_used=61938Kb, free=185145Kb
 total_blobs=18313, nmethods=17454, adapters=760, full_count=0
Compilation: enabled, stopped_count=0, restarted_count=0

Compilation events (20 events):
Event: 5106.111 Thread 0x0000020d4adcd520 21932       3       com.sun.org.apache.xml.internal.serializer.SerializerBase::isInEntityRef (13 bytes)
Event: 5106.111 Thread 0x0000020d4adcd520 nmethod 21932 0x0000020d4fba0f10 code [0x0000020d4fba10a0, 0x0000020d4fba1200]
Event: 5106.114 Thread 0x0000020d4ad9c900 21933       4       org.eclipse.jdt.internal.core.ClasspathEntry::hashCode (8 bytes)
Event: 5106.116 Thread 0x0000020d4adcd520 21934       3       java.util.HashMap::valuesToArray (81 bytes)
Event: 5106.116 Thread 0x0000020d4ad9c900 nmethod 21933 0x0000020d56c25f10 code [0x0000020d56c260a0, 0x0000020d56c261b0]
Event: 5106.116 Thread 0x0000020d4adcd520 nmethod 21934 0x0000020d4fd1c990 code [0x0000020d4fd1cb60, 0x0000020d4fd1cfb0]
Event: 5106.121 Thread 0x0000020d4adcd520 21935       1       org.eclipse.core.internal.dtree.DataTreeNode::type (2 bytes)
Event: 5106.121 Thread 0x0000020d4adcd520 nmethod 21935 0x0000020d56c26310 code [0x0000020d56c264a0, 0x0000020d56c26568]
Event: 5106.121 Thread 0x0000020d4adcd520 21937       3       org.eclipse.core.internal.resources.SaveManager::writeElement (36 bytes)
Event: 5106.123 Thread 0x0000020d4adcd520 nmethod 21937 0x0000020d4fd1b710 code [0x0000020d4fd1b9a0, 0x0000020d4fd1c498]
Event: 5106.123 Thread 0x0000020d4adcd520 21936       3       org.eclipse.core.internal.resources.ResourceInfo::writeTo (41 bytes)
Event: 5106.123 Thread 0x0000020d4adcd520 nmethod 21936 0x0000020d4f95dd10 code [0x0000020d4f95df00, 0x0000020d4f95e440]
Event: 5106.229 Thread 0x0000020d4adcd520 21938       3       org.eclipse.core.internal.dtree.DeletedNode::compareWithParent (43 bytes)
Event: 5106.229 Thread 0x0000020d4ad9c900 21940   !   4       org.eclipse.core.internal.dtree.DataTreeNode::asReverseComparisonNode (138 bytes)
Event: 5106.231 Thread 0x0000020d4adcd520 nmethod 21938 0x0000020d4f95c890 code [0x0000020d4f95cb60, 0x0000020d4f95d7f0]
Event: 5106.231 Thread 0x0000020d4adcd520 21939       3       org.eclipse.core.internal.dtree.DeltaDataTree::copyCompleteSubtree (34 bytes)
Event: 5106.231 Thread 0x0000020d4adcd520 nmethod 21939 0x0000020d4f95bc10 code [0x0000020d4f95be60, 0x0000020d4f95c5c8]
Event: 5106.257 Thread 0x0000020d4ad9c900 nmethod 21940 0x0000020d56c26610 code [0x0000020d56c26860, 0x0000020d56c27410]
Event: 5415.054 Thread 0x0000020d4ad9c900 21941       4       java.util.concurrent.locks.AbstractQueuedSynchronizer$Node::setStatusRelaxed (12 bytes)
Event: 5415.056 Thread 0x0000020d4ad9c900 nmethod 21941 0x0000020d56c27c90 code [0x0000020d56c27e20, 0x0000020d56c27eb0]

GC Heap History (20 events):
Event: 4811.286 GC heap before
{Heap before GC invocations=2620 (full 5):
 PSYoungGen      total 5632K, used 5420K [0x00000000d5580000, 0x00000000d5f80000, 0x0000000100000000)
  eden space 3072K, 100% used [0x00000000d5580000,0x00000000d5880000,0x00000000d5880000)
  from space 2560K, 91% used [0x00000000d5880000,0x00000000d5acb360,0x00000000d5b00000)
  to   space 3072K, 0% used [0x00000000d5c80000,0x00000000d5c80000,0x00000000d5f80000)
 ParOldGen       total 1120768K, used 1120183K [0x0000000080000000, 0x00000000c4680000, 0x00000000d5580000)
  object space 1120768K, 99% used [0x0000000080000000,0x00000000c45edfa0,0x00000000c4680000)
 Metaspace       used 92136K, committed 94016K, reserved 1179648K
  class space    used 9534K, committed 10368K, reserved 1048576K
}
Event: 4811.294 GC heap after
{Heap after GC invocations=2620 (full 5):
 PSYoungGen      total 7168K, used 2528K [0x00000000d5580000, 0x00000000d5f80000, 0x0000000100000000)
  eden space 4096K, 0% used [0x00000000d5580000,0x00000000d5580000,0x00000000d5980000)
  from space 3072K, 82% used [0x00000000d5c80000,0x00000000d5ef8000,0x00000000d5f80000)
  to   space 3072K, 0% used [0x00000000d5980000,0x00000000d5980000,0x00000000d5c80000)
 ParOldGen       total 1122816K, used 1122444K [0x0000000080000000, 0x00000000c4880000, 0x00000000d5580000)
  object space 1122816K, 99% used [0x0000000080000000,0x00000000c4823300,0x00000000c4880000)
 Metaspace       used 92136K, committed 94016K, reserved 1179648K
  class space    used 9534K, committed 10368K, reserved 1048576K
}
Event: 4811.321 GC heap before
{Heap before GC invocations=2621 (full 5):
 PSYoungGen      total 7168K, used 6496K [0x00000000d5580000, 0x00000000d5f80000, 0x0000000100000000)
  eden space 4096K, 96% used [0x00000000d5580000,0x00000000d59603a8,0x00000000d5980000)
  from space 3072K, 82% used [0x00000000d5c80000,0x00000000d5ef8000,0x00000000d5f80000)
  to   space 3072K, 0% used [0x00000000d5980000,0x00000000d5980000,0x00000000d5c80000)
 ParOldGen       total 1122816K, used 1122444K [0x0000000080000000, 0x00000000c4880000, 0x00000000d5580000)
  object space 1122816K, 99% used [0x0000000080000000,0x00000000c4823300,0x00000000c4880000)
 Metaspace       used 92136K, committed 94016K, reserved 1179648K
  class space    used 9534K, committed 10368K, reserved 1048576K
}
Event: 4811.332 GC heap after
{Heap after GC invocations=2621 (full 5):
 PSYoungGen      total 7168K, used 3056K [0x00000000d5580000, 0x00000000d6880000, 0x0000000100000000)
  eden space 4096K, 0% used [0x00000000d5580000,0x00000000d5580000,0x00000000d5980000)
  from space 3072K, 99% used [0x00000000d5980000,0x00000000d5c7c000,0x00000000d5c80000)
  to   space 7168K, 0% used [0x00000000d6180000,0x00000000d6180000,0x00000000d6880000)
 ParOldGen       total 1125888K, used 1125508K [0x0000000080000000, 0x00000000c4b80000, 0x00000000d5580000)
  object space 1125888K, 99% used [0x0000000080000000,0x00000000c4b21300,0x00000000c4b80000)
 Metaspace       used 92136K, committed 94016K, reserved 1179648K
  class space    used 9534K, committed 10368K, reserved 1048576K
}
Event: 4811.868 GC heap before
{Heap before GC invocations=2622 (full 5):
 PSYoungGen      total 7168K, used 7152K [0x00000000d5580000, 0x00000000d6880000, 0x0000000100000000)
  eden space 4096K, 100% used [0x00000000d5580000,0x00000000d5980000,0x00000000d5980000)
  from space 3072K, 99% used [0x00000000d5980000,0x00000000d5c7c000,0x00000000d5c80000)
  to   space 7168K, 0% used [0x00000000d6180000,0x00000000d6180000,0x00000000d6880000)
 ParOldGen       total 1125888K, used 1125508K [0x0000000080000000, 0x00000000c4b80000, 0x00000000d5580000)
  object space 1125888K, 99% used [0x0000000080000000,0x00000000c4b21300,0x00000000c4b80000)
 Metaspace       used 92141K, committed 94016K, reserved 1179648K
  class space    used 9534K, committed 10368K, reserved 1048576K
}
Event: 4811.879 GC heap after
{Heap after GC invocations=2622 (full 5):
 PSYoungGen      total 7168K, used 2020K [0x00000000d5580000, 0x00000000d6380000, 0x0000000100000000)
  eden space 5120K, 0% used [0x00000000d5580000,0x00000000d5580000,0x00000000d5a80000)
  from space 2048K, 98% used [0x00000000d6180000,0x00000000d6379210,0x00000000d6380000)
  to   space 3584K, 0% used [0x00000000d5c80000,0x00000000d5c80000,0x00000000d6000000)
 ParOldGen       total 1128448K, used 1128276K [0x0000000080000000, 0x00000000c4e00000, 0x00000000d5580000)
  object space 1128448K, 99% used [0x0000000080000000,0x00000000c4dd5300,0x00000000c4e00000)
 Metaspace       used 92141K, committed 94016K, reserved 1179648K
  class space    used 9534K, committed 10368K, reserved 1048576K
}
Event: 4811.939 GC heap before
{Heap before GC invocations=2623 (full 5):
 PSYoungGen      total 7168K, used 7140K [0x00000000d5580000, 0x00000000d6380000, 0x0000000100000000)
  eden space 5120K, 100% used [0x00000000d5580000,0x00000000d5a80000,0x00000000d5a80000)
  from space 2048K, 98% used [0x00000000d6180000,0x00000000d6379210,0x00000000d6380000)
  to   space 3584K, 0% used [0x00000000d5c80000,0x00000000d5c80000,0x00000000d6000000)
 ParOldGen       total 1128448K, used 1128276K [0x0000000080000000, 0x00000000c4e00000, 0x00000000d5580000)
  object space 1128448K, 99% used [0x0000000080000000,0x00000000c4dd5300,0x00000000c4e00000)
 Metaspace       used 92142K, committed 94016K, reserved 1179648K
  class space    used 9534K, committed 10368K, reserved 1048576K
}
Event: 4811.948 GC heap after
{Heap after GC invocations=2623 (full 5):
 PSYoungGen      total 8704K, used 570K [0x00000000d5580000, 0x00000000d6200000, 0x0000000100000000)
  eden space 5120K, 0% used [0x00000000d5580000,0x00000000d5580000,0x00000000d5a80000)
  from space 3584K, 15% used [0x00000000d5c80000,0x00000000d5d0e900,0x00000000d6000000)
  to   space 1536K, 0% used [0x00000000d6080000,0x00000000d6080000,0x00000000d6200000)
 ParOldGen       total 1129984K, used 1129884K [0x0000000080000000, 0x00000000c4f80000, 0x00000000d5580000)
  object space 1129984K, 99% used [0x0000000080000000,0x00000000c4f67300,0x00000000c4f80000)
 Metaspace       used 92142K, committed 94016K, reserved 1179648K
  class space    used 9534K, committed 10368K, reserved 1048576K
}
Event: 4837.696 GC heap before
{Heap before GC invocations=2624 (full 5):
 PSYoungGen      total 8704K, used 5690K [0x00000000d5580000, 0x00000000d6200000, 0x0000000100000000)
  eden space 5120K, 100% used [0x00000000d5580000,0x00000000d5a80000,0x00000000d5a80000)
  from space 3584K, 15% used [0x00000000d5c80000,0x00000000d5d0e900,0x00000000d6000000)
  to   space 1536K, 0% used [0x00000000d6080000,0x00000000d6080000,0x00000000d6200000)
 ParOldGen       total 1129984K, used 1129884K [0x0000000080000000, 0x00000000c4f80000, 0x00000000d5580000)
  object space 1129984K, 99% used [0x0000000080000000,0x00000000c4f67300,0x00000000c4f80000)
 Metaspace       used 92150K, committed 94016K, reserved 1179648K
  class space    used 9534K, committed 10368K, reserved 1048576K
}
Event: 4837.700 GC heap after
{Heap after GC invocations=2624 (full 5):
 PSYoungGen      total 5632K, used 432K [0x00000000d5580000, 0x00000000d6100000, 0x0000000100000000)
  eden space 5120K, 0% used [0x00000000d5580000,0x00000000d5580000,0x00000000d5a80000)
  from space 512K, 84% used [0x00000000d6080000,0x00000000d60ec030,0x00000000d6100000)
  to   space 1024K, 0% used [0x00000000d5f00000,0x00000000d5f00000,0x00000000d6000000)
 ParOldGen       total 1129984K, used 1129908K [0x0000000080000000, 0x00000000c4f80000, 0x00000000d5580000)
  object space 1129984K, 99% used [0x0000000080000000,0x00000000c4f6d300,0x00000000c4f80000)
 Metaspace       used 92150K, committed 94016K, reserved 1179648K
  class space    used 9534K, committed 10368K, reserved 1048576K
}
Event: 4839.041 GC heap before
{Heap before GC invocations=2625 (full 5):
 PSYoungGen      total 5632K, used 5552K [0x00000000d5580000, 0x00000000d6100000, 0x0000000100000000)
  eden space 5120K, 100% used [0x00000000d5580000,0x00000000d5a80000,0x00000000d5a80000)
  from space 512K, 84% used [0x00000000d6080000,0x00000000d60ec030,0x00000000d6100000)
  to   space 1024K, 0% used [0x00000000d5f00000,0x00000000d5f00000,0x00000000d6000000)
 ParOldGen       total 1193472K, used 1191348K [0x0000000080000000, 0x00000000c8d80000, 0x00000000d5580000)
  object space 1193472K, 99% used [0x0000000080000000,0x00000000c8b6d360,0x00000000c8d80000)
 Metaspace       used 92168K, committed 94016K, reserved 1179648K
  class space    used 9535K, committed 10368K, reserved 1048576K
}
Event: 4839.049 GC heap after
{Heap after GC invocations=2625 (full 5):
 PSYoungGen      total 6144K, used 416K [0x00000000d5580000, 0x00000000d6100000, 0x0000000100000000)
  eden space 5120K, 0% used [0x00000000d5580000,0x00000000d5580000,0x00000000d5a80000)
  from space 1024K, 40% used [0x00000000d5f00000,0x00000000d5f68020,0x00000000d6000000)
  to   space 512K, 0% used [0x00000000d6080000,0x00000000d6080000,0x00000000d6100000)
 ParOldGen       total 1193472K, used 1191468K [0x0000000080000000, 0x00000000c8d80000, 0x00000000d5580000)
  object space 1193472K, 99% used [0x0000000080000000,0x00000000c8b8b380,0x00000000c8d80000)
 Metaspace       used 92168K, committed 94016K, reserved 1179648K
  class space    used 9535K, committed 10368K, reserved 1048576K
}
Event: 4965.895 GC heap before
{Heap before GC invocations=2626 (full 5):
 PSYoungGen      total 6144K, used 5535K [0x00000000d5580000, 0x00000000d6100000, 0x0000000100000000)
  eden space 5120K, 99% used [0x00000000d5580000,0x00000000d5a7ffd0,0x00000000d5a80000)
  from space 1024K, 40% used [0x00000000d5f00000,0x00000000d5f68020,0x00000000d6000000)
  to   space 512K, 0% used [0x00000000d6080000,0x00000000d6080000,0x00000000d6100000)
 ParOldGen       total 1193472K, used 1191468K [0x0000000080000000, 0x00000000c8d80000, 0x00000000d5580000)
  object space 1193472K, 99% used [0x0000000080000000,0x00000000c8b8b380,0x00000000c8d80000)
 Metaspace       used 92171K, committed 94016K, reserved 1179648K
  class space    used 9535K, committed 10368K, reserved 1048576K
}
Event: 4965.901 GC heap after
{Heap after GC invocations=2626 (full 5):
 PSYoungGen      total 5632K, used 160K [0x00000000d5580000, 0x00000000d6100000, 0x0000000100000000)
  eden space 5120K, 0% used [0x00000000d5580000,0x00000000d5580000,0x00000000d5a80000)
  from space 512K, 31% used [0x00000000d6080000,0x00000000d60a8000,0x00000000d6100000)
  to   space 512K, 0% used [0x00000000d6000000,0x00000000d6000000,0x00000000d6080000)
 ParOldGen       total 1193472K, used 1191548K [0x0000000080000000, 0x00000000c8d80000, 0x00000000d5580000)
  object space 1193472K, 99% used [0x0000000080000000,0x00000000c8b9f380,0x00000000c8d80000)
 Metaspace       used 92171K, committed 94016K, reserved 1179648K
  class space    used 9535K, committed 10368K, reserved 1048576K
}
Event: 4966.415 GC heap before
{Heap before GC invocations=2627 (full 5):
 PSYoungGen      total 5632K, used 5280K [0x00000000d5580000, 0x00000000d6100000, 0x0000000100000000)
  eden space 5120K, 100% used [0x00000000d5580000,0x00000000d5a80000,0x00000000d5a80000)
  from space 512K, 31% used [0x00000000d6080000,0x00000000d60a8000,0x00000000d6100000)
  to   space 512K, 0% used [0x00000000d6000000,0x00000000d6000000,0x00000000d6080000)
 ParOldGen       total 1193472K, used 1191548K [0x0000000080000000, 0x00000000c8d80000, 0x00000000d5580000)
  object space 1193472K, 99% used [0x0000000080000000,0x00000000c8b9f380,0x00000000c8d80000)
 Metaspace       used 92177K, committed 94016K, reserved 1179648K
  class space    used 9535K, committed 10368K, reserved 1048576K
}
Event: 4966.420 GC heap after
{Heap after GC invocations=2627 (full 5):
 PSYoungGen      total 5632K, used 224K [0x00000000d5580000, 0x00000000d6100000, 0x0000000100000000)
  eden space 5120K, 0% used [0x00000000d5580000,0x00000000d5580000,0x00000000d5a80000)
  from space 512K, 43% used [0x00000000d6000000,0x00000000d6038000,0x00000000d6080000)
  to   space 512K, 0% used [0x00000000d6080000,0x00000000d6080000,0x00000000d6100000)
 ParOldGen       total 1193472K, used 1191612K [0x0000000080000000, 0x00000000c8d80000, 0x00000000d5580000)
  object space 1193472K, 99% used [0x0000000080000000,0x00000000c8baf380,0x00000000c8d80000)
 Metaspace       used 92177K, committed 94016K, reserved 1179648K
  class space    used 9535K, committed 10368K, reserved 1048576K
}
Event: 4973.789 GC heap before
{Heap before GC invocations=2628 (full 5):
 PSYoungGen      total 5632K, used 5344K [0x00000000d5580000, 0x00000000d6100000, 0x0000000100000000)
  eden space 5120K, 100% used [0x00000000d5580000,0x00000000d5a80000,0x00000000d5a80000)
  from space 512K, 43% used [0x00000000d6000000,0x00000000d6038000,0x00000000d6080000)
  to   space 512K, 0% used [0x00000000d6080000,0x00000000d6080000,0x00000000d6100000)
 ParOldGen       total 1193472K, used 1191612K [0x0000000080000000, 0x00000000c8d80000, 0x00000000d5580000)
  object space 1193472K, 99% used [0x0000000080000000,0x00000000c8baf380,0x00000000c8d80000)
 Metaspace       used 92183K, committed 94016K, reserved 1179648K
  class space    used 9535K, committed 10368K, reserved 1048576K
}
Event: 4973.792 GC heap after
{Heap after GC invocations=2628 (full 5):
 PSYoungGen      total 5632K, used 256K [0x00000000d5580000, 0x00000000d6100000, 0x0000000100000000)
  eden space 5120K, 0% used [0x00000000d5580000,0x00000000d5580000,0x00000000d5a80000)
  from space 512K, 50% used [0x00000000d6080000,0x00000000d60c0000,0x00000000d6100000)
  to   space 512K, 0% used [0x00000000d6000000,0x00000000d6000000,0x00000000d6080000)
 ParOldGen       total 1193472K, used 1191660K [0x0000000080000000, 0x00000000c8d80000, 0x00000000d5580000)
  object space 1193472K, 99% used [0x0000000080000000,0x00000000c8bbb380,0x00000000c8d80000)
 Metaspace       used 92183K, committed 94016K, reserved 1179648K
  class space    used 9535K, committed 10368K, reserved 1048576K
}
Event: 4974.084 GC heap before
{Heap before GC invocations=2629 (full 5):
 PSYoungGen      total 5632K, used 5376K [0x00000000d5580000, 0x00000000d6100000, 0x0000000100000000)
  eden space 5120K, 100% used [0x00000000d5580000,0x00000000d5a80000,0x00000000d5a80000)
  from space 512K, 50% used [0x00000000d6080000,0x00000000d60c0000,0x00000000d6100000)
  to   space 512K, 0% used [0x00000000d6000000,0x00000000d6000000,0x00000000d6080000)
 ParOldGen       total 1193472K, used 1191660K [0x0000000080000000, 0x00000000c8d80000, 0x00000000d5580000)
  object space 1193472K, 99% used [0x0000000080000000,0x00000000c8bbb380,0x00000000c8d80000)
 Metaspace       used 92190K, committed 94016K, reserved 1179648K
  class space    used 9536K, committed 10368K, reserved 1048576K
}
Event: 4974.090 GC heap after
{Heap after GC invocations=2629 (full 5):
 PSYoungGen      total 5632K, used 320K [0x00000000d5580000, 0x00000000d6100000, 0x0000000100000000)
  eden space 5120K, 0% used [0x00000000d5580000,0x00000000d5580000,0x00000000d5a80000)
  from space 512K, 62% used [0x00000000d6000000,0x00000000d6050020,0x00000000d6080000)
  to   space 512K, 0% used [0x00000000d6080000,0x00000000d6080000,0x00000000d6100000)
 ParOldGen       total 1193472K, used 1191708K [0x0000000080000000, 0x00000000c8d80000, 0x00000000d5580000)
  object space 1193472K, 99% used [0x0000000080000000,0x00000000c8bc7380,0x00000000c8d80000)
 Metaspace       used 92190K, committed 94016K, reserved 1179648K
  class space    used 9536K, committed 10368K, reserved 1048576K
}

Dll operation events (14 events):
Event: 0.030 Loaded shared library c:\Users\HP\.vscode\extensions\redhat.java-1.53.0-win32-x64\jre\21.0.10-win32-x86_64\bin\java.dll
Event: 0.170 Loaded shared library c:\Users\HP\.vscode\extensions\redhat.java-1.53.0-win32-x64\jre\21.0.10-win32-x86_64\bin\zip.dll
Event: 0.218 Loaded shared library C:\Users\HP\.vscode\extensions\redhat.java-1.53.0-win32-x64\jre\21.0.10-win32-x86_64\bin\instrument.dll
Event: 0.236 Loaded shared library C:\Users\HP\.vscode\extensions\redhat.java-1.53.0-win32-x64\jre\21.0.10-win32-x86_64\bin\net.dll
Event: 0.239 Loaded shared library C:\Users\HP\.vscode\extensions\redhat.java-1.53.0-win32-x64\jre\21.0.10-win32-x86_64\bin\nio.dll
Event: 0.245 Loaded shared library C:\Users\HP\.vscode\extensions\redhat.java-1.53.0-win32-x64\jre\21.0.10-win32-x86_64\bin\zip.dll
Event: 0.284 Loaded shared library C:\Users\HP\.vscode\extensions\redhat.java-1.53.0-win32-x64\jre\21.0.10-win32-x86_64\bin\jimage.dll
Event: 0.410 Loaded shared library c:\Users\HP\.vscode\extensions\redhat.java-1.53.0-win32-x64\jre\21.0.10-win32-x86_64\bin\verify.dll
Event: 11.720 Loaded shared library C:\Users\HP\AppData\Roaming\Code\User\globalStorage\redhat.java\1.53.0\config_win\org.eclipse.equinox.launcher\org.eclipse.equinox.launcher.win32.win32.x86_64_1.3.0.v20260203-2149\eclipse_11919.dll
Event: 36.298 Loaded shared library C:\Users\HP\.vscode\extensions\redhat.java-1.53.0-win32-x64\jre\21.0.10-win32-x86_64\bin\management.dll
Event: 36.303 Loaded shared library C:\Users\HP\.vscode\extensions\redhat.java-1.53.0-win32-x64\jre\21.0.10-win32-x86_64\bin\management_ext.dll
Event: 39.952 Loaded shared library C:\Users\HP\AppData\Local\Temp\jna-2312\jna10246291808405593692.dll
Event: 40.390 Loaded shared library C:\Users\HP\.vscode\extensions\redhat.java-1.53.0-win32-x64\jre\21.0.10-win32-x86_64\bin\sunmscapi.dll
Event: 44.963 Loaded shared library C:\Users\HP\.vscode\extensions\redhat.java-1.53.0-win32-x64\jre\21.0.10-win32-x86_64\bin\extnet.dll

Deoptimization events (20 events):
Event: 4810.860 Thread 0x0000020d69959d80 DEOPT PACKING pc=0x0000020d56bdd264 sp=0x000000642bffdf50
Event: 4810.860 Thread 0x0000020d69959d80 DEOPT UNPACKING pc=0x0000020d555a3aa2 sp=0x000000642bffded8 mode 2
Event: 4810.861 Thread 0x0000020d69959d80 Uncommon trap: trap_request=0xffffffde fr.pc=0x0000020d56bdd264 relative=0x00000000000009e4
Event: 4810.861 Thread 0x0000020d69959d80 Uncommon trap: reason=class_check action=maybe_recompile pc=0x0000020d56bdd264 method=org.eclipse.jdt.internal.compiler.parser.Parser.consumeToken(Lorg/eclipse/jdt/internal/compiler/parser/TerminalToken;)V @ 1862 c2
Event: 4810.861 Thread 0x0000020d69959d80 DEOPT PACKING pc=0x0000020d56bdd264 sp=0x000000642bffdf50
Event: 4810.861 Thread 0x0000020d69959d80 DEOPT UNPACKING pc=0x0000020d555a3aa2 sp=0x000000642bffded8 mode 2
Event: 4810.861 Thread 0x0000020d69959d80 Uncommon trap: trap_request=0xffffffde fr.pc=0x0000020d56bdd264 relative=0x00000000000009e4
Event: 4810.861 Thread 0x0000020d69959d80 Uncommon trap: reason=class_check action=maybe_recompile pc=0x0000020d56bdd264 method=org.eclipse.jdt.internal.compiler.parser.Parser.consumeToken(Lorg/eclipse/jdt/internal/compiler/parser/TerminalToken;)V @ 1862 c2
Event: 4810.861 Thread 0x0000020d69959d80 DEOPT PACKING pc=0x0000020d56bdd264 sp=0x000000642bffdf50
Event: 4810.861 Thread 0x0000020d69959d80 DEOPT UNPACKING pc=0x0000020d555a3aa2 sp=0x000000642bffded8 mode 2
Event: 4810.868 Thread 0x0000020d69959d80 Uncommon trap: trap_request=0xffffffde fr.pc=0x0000020d56bdd264 relative=0x00000000000009e4
Event: 4810.868 Thread 0x0000020d69959d80 Uncommon trap: reason=class_check action=maybe_recompile pc=0x0000020d56bdd264 method=org.eclipse.jdt.internal.compiler.parser.Parser.consumeToken(Lorg/eclipse/jdt/internal/compiler/parser/TerminalToken;)V @ 1862 c2
Event: 4810.868 Thread 0x0000020d69959d80 DEOPT PACKING pc=0x0000020d56bdd264 sp=0x000000642bffe090
Event: 4810.868 Thread 0x0000020d69959d80 DEOPT UNPACKING pc=0x0000020d555a3aa2 sp=0x000000642bffe018 mode 2
Event: 4839.070 Thread 0x0000020d6b169de0 DEOPT PACKING pc=0x0000020d4ff9ef38 sp=0x00000064289fdcd0
Event: 4839.070 Thread 0x0000020d6b169de0 DEOPT UNPACKING pc=0x0000020d555a4242 sp=0x00000064289fd180 mode 0
Event: 4966.591 Thread 0x0000020d6b16beb0 Uncommon trap: trap_request=0xffffff45 fr.pc=0x0000020d55fde424 relative=0x00000000000003a4
Event: 4966.591 Thread 0x0000020d6b16beb0 Uncommon trap: reason=unstable_if action=reinterpret pc=0x0000020d55fde424 method=org.eclipse.core.internal.watson.ElementTreeIterator.doIteration(Lorg/eclipse/core/internal/dtree/DataTreeNode;Lorg/eclipse/core/internal/watson/IElementContentVisitor;)V @ 
Event: 4966.591 Thread 0x0000020d6b16beb0 DEOPT PACKING pc=0x0000020d55fde424 sp=0x0000006428afe3b0
Event: 4966.591 Thread 0x0000020d6b16beb0 DEOPT UNPACKING pc=0x0000020d555a3aa2 sp=0x0000006428afe348 mode 2

Classes loaded (20 events):
Event: 1633.021 Loading class java/util/stream/ReduceOps$6
Event: 1633.021 Loading class java/util/stream/ReduceOps$6 done
Event: 1633.021 Loading class java/util/stream/ReduceOps$5ReducingSink
Event: 1633.021 Loading class java/util/stream/ReduceOps$5ReducingSink done
Event: 1633.347 Loading class java/util/stream/FindOps$FindSink$OfLong
Event: 1633.347 Loading class java/util/stream/FindOps$FindSink$OfLong done
Event: 1633.347 Loading class java/util/OptionalLong
Event: 1633.348 Loading class java/util/OptionalLong done
Event: 2332.257 Loading class java/util/LinkedList$LLSpliterator
Event: 2332.257 Loading class java/util/LinkedList$LLSpliterator done
Event: 2423.957 Loading class javax/xml/transform/TransformerConfigurationException
Event: 2423.957 Loading class javax/xml/transform/TransformerConfigurationException done
Event: 2425.430 Loading class java/util/concurrent/LinkedBlockingQueue$Itr
Event: 2425.430 Loading class java/util/concurrent/LinkedBlockingQueue$Itr done
Event: 3192.354 Loading class java/nio/channels/CompletionHandler
Event: 3192.354 Loading class java/nio/channels/CompletionHandler done
Event: 3232.781 Loading class java/util/regex/Pattern$Behind
Event: 3232.782 Loading class java/util/regex/Pattern$Behind done
Event: 3232.782 Loading class java/util/regex/Pattern$Neg
Event: 3232.783 Loading class java/util/regex/Pattern$Neg done

Classes unloaded (20 events):
Event: 2331.766 Thread 0x0000020d4aec0050 Unloading class 0x0000020d01080000 'java/lang/invoke/LambdaForm$MH+0x0000020d01080000'
Event: 2331.766 Thread 0x0000020d4aec0050 Unloading class 0x0000020d0101ec00 'java/lang/invoke/LambdaForm$MH+0x0000020d0101ec00'
Event: 2331.766 Thread 0x0000020d4aec0050 Unloading class 0x0000020d0100d800 'java/lang/invoke/LambdaForm$MH+0x0000020d0100d800'
Event: 2331.766 Thread 0x0000020d4aec0050 Unloading class 0x0000020d0100d400 'java/lang/invoke/LambdaForm$MH+0x0000020d0100d400'
Event: 2331.766 Thread 0x0000020d4aec0050 Unloading class 0x0000020d0100d000 'java/lang/invoke/LambdaForm$MH+0x0000020d0100d000'
Event: 2331.766 Thread 0x0000020d4aec0050 Unloading class 0x0000020d0100cc00 'java/lang/invoke/LambdaForm$MH+0x0000020d0100cc00'
Event: 2331.766 Thread 0x0000020d4aec0050 Unloading class 0x0000020d0100c800 'java/lang/invoke/LambdaForm$BMH+0x0000020d0100c800'
Event: 2331.766 Thread 0x0000020d4aec0050 Unloading class 0x0000020d0100c000 'java/lang/invoke/LambdaForm$DMH+0x0000020d0100c000'
Event: 2331.766 Thread 0x0000020d4aec0050 Unloading class 0x0000020d01008c00 'java/lang/invoke/LambdaForm$MH+0x0000020d01008c00'
Event: 2331.766 Thread 0x0000020d4aec0050 Unloading class 0x0000020d01008800 'java/lang/invoke/LambdaForm$MH+0x0000020d01008800'
Event: 2331.766 Thread 0x0000020d4aec0050 Unloading class 0x0000020d01008400 'java/lang/invoke/LambdaForm$MH+0x0000020d01008400'
Event: 2331.766 Thread 0x0000020d4aec0050 Unloading class 0x0000020d01007000 'java/lang/invoke/LambdaForm$MH+0x0000020d01007000'
Event: 2331.766 Thread 0x0000020d4aec0050 Unloading class 0x0000020d01006800 'java/lang/invoke/LambdaForm$MH+0x0000020d01006800'
Event: 2331.766 Thread 0x0000020d4aec0050 Unloading class 0x0000020d01006400 'java/lang/invoke/LambdaForm$MH+0x0000020d01006400'
Event: 2331.766 Thread 0x0000020d4aec0050 Unloading class 0x0000020d01006000 'java/lang/invoke/LambdaForm$MH+0x0000020d01006000'
Event: 2331.766 Thread 0x0000020d4aec0050 Unloading class 0x0000020d01005c00 'java/lang/invoke/LambdaForm$BMH+0x0000020d01005c00'
Event: 2331.766 Thread 0x0000020d4aec0050 Unloading class 0x0000020d01004800 'java/lang/invoke/LambdaForm$DMH+0x0000020d01004800'
Event: 2331.766 Thread 0x0000020d4aec0050 Unloading class 0x0000020d01002400 'java/lang/invoke/LambdaForm$MH+0x0000020d01002400'
Event: 2331.766 Thread 0x0000020d4aec0050 Unloading class 0x0000020d01002000 'java/lang/invoke/LambdaForm$MH+0x0000020d01002000'
Event: 2331.766 Thread 0x0000020d4aec0050 Unloading class 0x0000020d01001800 'java/lang/invoke/LambdaForm$MH+0x0000020d01001800'

Classes redefined (0 events):
No events

Internal exceptions (20 events):
Event: 4806.670 Thread 0x0000020d6d289db0 Exception <a 'sun/nio/fs/WindowsException'{0x00000000d5764550}> (0x00000000d5764550) 
thrown [s\src\hotspot\share\prims\jni.cpp, line 520]
Event: 4806.671 Thread 0x0000020d6d289db0 Exception <a 'sun/nio/fs/WindowsException'{0x00000000d5765038}> (0x00000000d5765038) 
thrown [s\src\hotspot\share\prims\jni.cpp, line 520]
Event: 4806.671 Thread 0x0000020d6d289db0 Exception <a 'sun/nio/fs/WindowsException'{0x00000000d5766e90}> (0x00000000d5766e90) 
thrown [s\src\hotspot\share\prims\jni.cpp, line 520]
Event: 4806.672 Thread 0x0000020d6d289db0 Exception <a 'sun/nio/fs/WindowsException'{0x00000000d5767c40}> (0x00000000d5767c40) 
thrown [s\src\hotspot\share\prims\jni.cpp, line 520]
Event: 4806.677 Thread 0x0000020d6d289db0 Exception <a 'sun/nio/fs/WindowsException'{0x00000000d5786c18}> (0x00000000d5786c18) 
thrown [s\src\hotspot\share\prims\jni.cpp, line 520]
Event: 4806.677 Thread 0x0000020d6d289db0 Exception <a 'sun/nio/fs/WindowsException'{0x00000000d5787700}> (0x00000000d5787700) 
thrown [s\src\hotspot\share\prims\jni.cpp, line 520]
Event: 4807.232 Thread 0x0000020d6d287650 Exception <a 'sun/nio/fs/WindowsException'{0x00000000d56d2678}> (0x00000000d56d2678) 
thrown [s\src\hotspot\share\prims\jni.cpp, line 520]
Event: 4807.233 Thread 0x0000020d6d287650 Exception <a 'sun/nio/fs/WindowsException'{0x00000000d56d3180}> (0x00000000d56d3180) 
thrown [s\src\hotspot\share\prims\jni.cpp, line 520]
Event: 4807.233 Thread 0x0000020d6d287650 Exception <a 'sun/nio/fs/WindowsException'{0x00000000d56d45a8}> (0x00000000d56d45a8) 
thrown [s\src\hotspot\share\prims\jni.cpp, line 520]
Event: 4807.234 Thread 0x0000020d6d287650 Exception <a 'sun/nio/fs/WindowsException'{0x00000000d57cd770}> (0x00000000d57cd770) 
thrown [s\src\hotspot\share\prims\jni.cpp, line 520]
Event: 4807.234 Thread 0x0000020d6d287650 Exception <a 'sun/nio/fs/WindowsException'{0x00000000d57cf5c8}> (0x00000000d57cf5c8) 
thrown [s\src\hotspot\share\prims\jni.cpp, line 520]
Event: 4807.235 Thread 0x0000020d6d287650 Exception <a 'sun/nio/fs/WindowsException'{0x00000000d57d00b0}> (0x00000000d57d00b0) 
thrown [s\src\hotspot\share\prims\jni.cpp, line 520]
Event: 4807.241 Thread 0x0000020d6d287650 Exception <a 'sun/nio/fs/WindowsException'{0x00000000d57fdeb8}> (0x00000000d57fdeb8) 
thrown [s\src\hotspot\share\prims\jni.cpp, line 520]
Event: 4807.241 Thread 0x0000020d6d287650 Exception <a 'sun/nio/fs/WindowsException'{0x00000000d57fe9a0}> (0x00000000d57fe9a0) 
thrown [s\src\hotspot\share\prims\jni.cpp, line 520]
Event: 4808.130 Thread 0x0000020d681dc2e0 Exception <a 'sun/nio/fs/WindowsException'{0x00000000d5a18658}> (0x00000000d5a18658) 
thrown [s\src\hotspot\share\prims\jni.cpp, line 520]
Event: 4808.798 Thread 0x0000020d681dc2e0 Exception <a 'sun/nio/fs/WindowsException'{0x00000000d56b45e8}> (0x00000000d56b45e8) 
thrown [s\src\hotspot\share\prims\jni.cpp, line 520]
Event: 4810.854 Thread 0x0000020d681dc2e0 Exception <a 'sun/nio/fs/WindowsException'{0x00000000d5609678}> (0x00000000d5609678) 
thrown [s\src\hotspot\share\prims\jni.cpp, line 520]
Event: 4811.416 Thread 0x0000020d681dc2e0 Exception <a 'sun/nio/fs/WindowsException'{0x00000000d57a5240}> (0x00000000d57a5240) 
thrown [s\src\hotspot\share\prims\jni.cpp, line 520]
Event: 5106.115 Thread 0x0000020d6b16beb0 Exception <a 'sun/nio/fs/WindowsException'{0x00000000d57dd430}> (0x00000000d57dd430) 
thrown [s\src\hotspot\share\prims\jni.cpp, line 520]
Event: 5106.115 Thread 0x0000020d6b16beb0 Exception <a 'sun/nio/fs/WindowsException'{0x00000000d57ddf18}> (0x00000000d57ddf18) 
thrown [s\src\hotspot\share\prims\jni.cpp, line 520]

ZGC Phase Switch (0 events):
No events

VM Operations (20 events):
Event: 5485.068 Executing non-safepoint VM operation: HandshakeAllThreads (HandshakeForDeflation)
Event: 5485.069 Executing non-safepoint VM operation: HandshakeAllThreads (HandshakeForDeflation) done
Event: 5485.069 Executing non-safepoint VM operation: RendezvousGCThreads
Event: 5485.069 Executing non-safepoint VM operation: RendezvousGCThreads done
Event: 5545.217 Executing non-safepoint VM operation: HandshakeAllThreads (HandshakeForDeflation)
Event: 5545.217 Executing non-safepoint VM operation: HandshakeAllThreads (HandshakeForDeflation) done
Event: 5545.217 Executing non-safepoint VM operation: RendezvousGCThreads
Event: 5545.217 Executing non-safepoint VM operation: RendezvousGCThreads done
Event: 5665.624 Executing non-safepoint VM operation: HandshakeAllThreads (HandshakeForDeflation)
Event: 5665.624 Executing non-safepoint VM operation: HandshakeAllThreads (HandshakeForDeflation) done
Event: 5665.624 Executing non-safepoint VM operation: RendezvousGCThreads
Event: 5665.624 Executing non-safepoint VM operation: RendezvousGCThreads done
Event: 5725.628 Executing non-safepoint VM operation: HandshakeAllThreads (HandshakeForDeflation)
Event: 5725.628 Executing non-safepoint VM operation: HandshakeAllThreads (HandshakeForDeflation) done
Event: 5725.628 Executing non-safepoint VM operation: RendezvousGCThreads
Event: 5725.628 Executing non-safepoint VM operation: RendezvousGCThreads done
Event: 5785.723 Executing non-safepoint VM operation: HandshakeAllThreads (HandshakeForDeflation)
Event: 5785.723 Executing non-safepoint VM operation: HandshakeAllThreads (HandshakeForDeflation) done
Event: 5785.723 Executing non-safepoint VM operation: RendezvousGCThreads
Event: 5785.723 Executing non-safepoint VM operation: RendezvousGCThreads done

Memory protections (0 events):
No events

Nmethod flushes (20 events):
Event: 2331.862 Thread 0x0000020d4aec0050 flushing  nmethod 0x0000020d50053e90
Event: 2331.862 Thread 0x0000020d4aec0050 flushing  nmethod 0x0000020d50055110
Event: 2331.862 Thread 0x0000020d4aec0050 flushing  nmethod 0x0000020d50056b90
Event: 2331.862 Thread 0x0000020d4aec0050 flushing  nmethod 0x0000020d50062e10
Event: 2331.862 Thread 0x0000020d4aec0050 flushing  nmethod 0x0000020d5009f310
Event: 2331.862 Thread 0x0000020d4aec0050 flushing  nmethod 0x0000020d500baa10
Event: 2331.862 Thread 0x0000020d4aec0050 flushing  nmethod 0x0000020d500bd390
Event: 2331.862 Thread 0x0000020d4aec0050 flushing osr nmethod 0x0000020d500cdc10
Event: 2331.862 Thread 0x0000020d4aec0050 flushing  nmethod 0x0000020d500cfd90
Event: 2331.862 Thread 0x0000020d4aec0050 flushing  nmethod 0x0000020d50102790
Event: 2331.862 Thread 0x0000020d4aec0050 flushing  nmethod 0x0000020d50102b90
Event: 2331.862 Thread 0x0000020d4aec0050 flushing  nmethod 0x0000020d50103690
Event: 2331.862 Thread 0x0000020d4aec0050 flushing  nmethod 0x0000020d5010a190
Event: 2331.862 Thread 0x0000020d4aec0050 flushing  nmethod 0x0000020d5010bb10
Event: 2331.862 Thread 0x0000020d4aec0050 flushing  nmethod 0x0000020d5010d210
Event: 2331.862 Thread 0x0000020d4aec0050 flushing  nmethod 0x0000020d5011cd90
Event: 2331.862 Thread 0x0000020d4aec0050 flushing  nmethod 0x0000020d50142490
Event: 2331.862 Thread 0x0000020d4aec0050 flushing  nmethod 0x0000020d50145e90
Event: 2331.862 Thread 0x0000020d4aec0050 flushing  nmethod 0x0000020d501c6990
Event: 2331.862 Thread 0x0000020d4aec0050 flushing  nmethod 0x0000020d5027df90

Events (20 events):
Event: 4871.152 Thread 0x0000020d6b16df80 Thread exited: 0x0000020d6b16df80
Event: 4872.267 Thread 0x0000020d6d287650 Thread exited: 0x0000020d6d287650
Event: 4899.161 Thread 0x0000020d6d287ce0 Thread exited: 0x0000020d6d287ce0
Event: 4899.161 Thread 0x0000020d6b16f330 Thread exited: 0x0000020d6b16f330
Event: 4899.162 Thread 0x0000020d6b16c540 Thread exited: 0x0000020d6b16c540
Event: 4899.162 Thread 0x0000020d6d286930 Thread exited: 0x0000020d6d286930
Event: 4932.274 Thread 0x0000020d6d289db0 Thread exited: 0x0000020d6d289db0
Event: 4965.790 Thread 0x0000020d6b169de0 Thread added: 0x0000020d6d28c510
Event: 4992.281 Thread 0x0000020d6d289720 Thread exited: 0x0000020d6d289720
Event: 5052.300 Thread 0x0000020d6d289090 Thread exited: 0x0000020d6d289090
Event: 5106.113 Thread 0x0000020d6b16beb0 Thread added: 0x0000020d6d285c10
Event: 5106.113 Thread 0x0000020d6d285c10 Thread exited: 0x0000020d6d285c10
Event: 5106.116 Thread 0x0000020d6b16beb0 Thread added: 0x0000020d6d287650
Event: 5106.116 Thread 0x0000020d6d287650 Thread exited: 0x0000020d6d287650
Event: 5106.260 Thread 0x0000020d6b16d260 Thread exited: 0x0000020d6b16d260
Event: 5108.842 Thread 0x0000020d6d28aad0 Thread exited: 0x0000020d6d28aad0
Event: 5111.041 Thread 0x0000020d6d2862a0 Thread exited: 0x0000020d6d2862a0
Event: 5112.309 Thread 0x0000020d6d28cba0 Thread exited: 0x0000020d6d28cba0
Event: 5166.248 Thread 0x0000020d6b16beb0 Thread exited: 0x0000020d6b16beb0
Event: 5172.317 Thread 0x0000020d6d288a00 Thread exited: 0x0000020d6d288a00


Dynamic libraries:
0x00007ff70dff0000 - 0x00007ff70dffe000 	c:\Users\HP\.vscode\extensions\redhat.java-1.53.0-win32-x64\jre\21.0.10-win32-x86_64\bin\java.exe
0x00007ff8cc3f0000 - 0x00007ff8cc608000 	C:\Windows\SYSTEM32\ntdll.dll
0x00007ff8ca090000 - 0x00007ff8ca154000 	C:\Windows\System32\KERNEL32.DLL
0x00007ff8c9760000 - 0x00007ff8c9b33000 	C:\Windows\System32\KERNELBASE.dll
0x00007ff8c9c70000 - 0x00007ff8c9d81000 	C:\Windows\System32\ucrtbase.dll
0x00007ff81d410000 - 0x00007ff81d428000 	c:\Users\HP\.vscode\extensions\redhat.java-1.53.0-win32-x64\jre\21.0.10-win32-x86_64\bin\jli.dll
0x00007ff81d3f0000 - 0x00007ff81d40e000 	c:\Users\HP\.vscode\extensions\redhat.java-1.53.0-win32-x64\jre\21.0.10-win32-x86_64\bin\VCRUNTIME140.dll
0x00007ff8cc0e0000 - 0x00007ff8cc292000 	C:\Windows\System32\USER32.dll
0x00007ff8c9c40000 - 0x00007ff8c9c66000 	C:\Windows\System32\win32u.dll
0x00007ff8b26d0000 - 0x00007ff8b296c000 	C:\Windows\WinSxS\amd64_microsoft.windows.common-controls_6595b64144ccf1df_6.0.22621.6060_none_2712eda17382d24b\COMCTL32.dll
0x00007ff8ca790000 - 0x00007ff8ca7b9000 	C:\Windows\System32\GDI32.dll
0x00007ff8c9d90000 - 0x00007ff8c9eab000 	C:\Windows\System32\gdi32full.dll
0x00007ff8cbdd0000 - 0x00007ff8cbe77000 	C:\Windows\System32\msvcrt.dll
0x00007ff8c9ff0000 - 0x00007ff8ca08a000 	C:\Windows\System32\msvcp_win.dll
0x00007ff8ca620000 - 0x00007ff8ca651000 	C:\Windows\System32\IMM32.DLL
0x00007ff81d3e0000 - 0x00007ff81d3ec000 	c:\Users\HP\.vscode\extensions\redhat.java-1.53.0-win32-x64\jre\21.0.10-win32-x86_64\bin\vcruntime140_1.dll
0x00007ff81d350000 - 0x00007ff81d3dd000 	c:\Users\HP\.vscode\extensions\redhat.java-1.53.0-win32-x64\jre\21.0.10-win32-x86_64\bin\msvcp140.dll
0x00007ff81c5a0000 - 0x00007ff81d341000 	c:\Users\HP\.vscode\extensions\redhat.java-1.53.0-win32-x64\jre\21.0.10-win32-x86_64\bin\server\jvm.dll
0x00007ff8ca560000 - 0x00007ff8ca611000 	C:\Windows\System32\ADVAPI32.dll
0x00007ff8ca670000 - 0x00007ff8ca718000 	C:\Windows\System32\sechost.dll
0x00007ff8c9730000 - 0x00007ff8c9758000 	C:\Windows\System32\bcrypt.dll
0x00007ff8cb590000 - 0x00007ff8cb6a8000 	C:\Windows\System32\RPCRT4.dll
0x00007ff8ca7c0000 - 0x00007ff8ca831000 	C:\Windows\System32\WS2_32.dll
0x00007ff8c93d0000 - 0x00007ff8c941d000 	C:\Windows\SYSTEM32\POWRPROF.dll
0x00007ff8c07c0000 - 0x00007ff8c07f4000 	C:\Windows\SYSTEM32\WINMM.dll
0x00007ff8c0320000 - 0x00007ff8c032a000 	C:\Windows\SYSTEM32\VERSION.dll
0x00007ff8c93b0000 - 0x00007ff8c93c3000 	C:\Windows\SYSTEM32\UMPDC.dll
0x00007ff8c84a0000 - 0x00007ff8c84b8000 	C:\Windows\SYSTEM32\kernel.appcore.dll
0x00007ff81c590000 - 0x00007ff81c59a000 	c:\Users\HP\.vscode\extensions\redhat.java-1.53.0-win32-x64\jre\21.0.10-win32-x86_64\bin\jimage.dll
0x00007ff8c2e40000 - 0x00007ff8c3073000 	C:\Windows\SYSTEM32\DBGHELP.DLL
0x00007ff8cb1f0000 - 0x00007ff8cb581000 	C:\Windows\System32\combase.dll
0x00007ff8ca840000 - 0x00007ff8ca918000 	C:\Windows\System32\OLEAUT32.dll
0x00007ff8a2d70000 - 0x00007ff8a2da2000 	C:\Windows\SYSTEM32\dbgcore.DLL
0x00007ff8c9bc0000 - 0x00007ff8c9c3b000 	C:\Windows\System32\bcryptPrimitives.dll
0x00007ff81c580000 - 0x00007ff81c58f000 	c:\Users\HP\.vscode\extensions\redhat.java-1.53.0-win32-x64\jre\21.0.10-win32-x86_64\bin\instrument.dll
0x00007ff81c560000 - 0x00007ff81c580000 	c:\Users\HP\.vscode\extensions\redhat.java-1.53.0-win32-x64\jre\21.0.10-win32-x86_64\bin\java.dll
0x00007ff8ca930000 - 0x00007ff8cb1cc000 	C:\Windows\System32\SHELL32.dll
0x00007ff8c9eb0000 - 0x00007ff8c9fef000 	C:\Windows\System32\wintypes.dll
0x00007ff8c73b0000 - 0x00007ff8c7cca000 	C:\Windows\SYSTEM32\windows.storage.dll
0x00007ff8ca160000 - 0x00007ff8ca264000 	C:\Windows\System32\SHCORE.dll
0x00007ff8ca720000 - 0x00007ff8ca789000 	C:\Windows\System32\shlwapi.dll
0x00007ff8c9430000 - 0x00007ff8c9455000 	C:\Windows\SYSTEM32\profapi.dll
0x00007ff81c540000 - 0x00007ff81c558000 	c:\Users\HP\.vscode\extensions\redhat.java-1.53.0-win32-x64\jre\21.0.10-win32-x86_64\bin\zip.dll
0x00007ff81c530000 - 0x00007ff81c540000 	C:\Users\HP\.vscode\extensions\redhat.java-1.53.0-win32-x64\jre\21.0.10-win32-x86_64\bin\net.dll
0x00007ff8c0550000 - 0x00007ff8c067c000 	C:\Windows\SYSTEM32\WINHTTP.dll
0x00007ff8c8960000 - 0x00007ff8c89c9000 	C:\Windows\system32\mswsock.dll
0x00007ff81c4b0000 - 0x00007ff81c4c6000 	C:\Users\HP\.vscode\extensions\redhat.java-1.53.0-win32-x64\jre\21.0.10-win32-x86_64\bin\nio.dll
0x00007ff81c4a0000 - 0x00007ff81c4b0000 	c:\Users\HP\.vscode\extensions\redhat.java-1.53.0-win32-x64\jre\21.0.10-win32-x86_64\bin\verify.dll
0x00007ff89fae0000 - 0x00007ff89fb25000 	C:\Users\HP\AppData\Roaming\Code\User\globalStorage\redhat.java\1.53.0\config_win\org.eclipse.equinox.launcher\org.eclipse.equinox.launcher.win32.win32.x86_64_1.3.0.v20260203-2149\eclipse_11919.dll
0x00007ff8ca320000 - 0x00007ff8ca4c1000 	C:\Windows\System32\ole32.dll
0x00007ff8ae960000 - 0x00007ff8ae96a000 	C:\Users\HP\.vscode\extensions\redhat.java-1.53.0-win32-x64\jre\21.0.10-win32-x86_64\bin\management.dll
0x00007ff8ae950000 - 0x00007ff8ae95c000 	C:\Users\HP\.vscode\extensions\redhat.java-1.53.0-win32-x64\jre\21.0.10-win32-x86_64\bin\management_ext.dll
0x00007ff8cc0d0000 - 0x00007ff8cc0d8000 	C:\Windows\System32\PSAPI.DLL
0x00007ff8c8cb0000 - 0x00007ff8c8ccb000 	C:\Windows\SYSTEM32\CRYPTSP.dll
0x00007ff8c8400000 - 0x00007ff8c8437000 	C:\Windows\system32\rsaenh.dll
0x00007ff8c8a00000 - 0x00007ff8c8a28000 	C:\Windows\SYSTEM32\USERENV.dll
0x00007ff8c8c90000 - 0x00007ff8c8c9c000 	C:\Windows\SYSTEM32\CRYPTBASE.dll
0x00007ff8c7f30000 - 0x00007ff8c7f5d000 	C:\Windows\SYSTEM32\IPHLPAPI.DLL
0x00007ff8ca920000 - 0x00007ff8ca929000 	C:\Windows\System32\NSI.dll
0x00007ff8a0240000 - 0x00007ff8a0289000 	C:\Users\HP\AppData\Local\Temp\jna-2312\jna10246291808405593692.dll
0x00007ff8c0350000 - 0x00007ff8c0369000 	C:\Windows\SYSTEM32\dhcpcsvc6.DLL
0x00007ff8c0330000 - 0x00007ff8c034f000 	C:\Windows\SYSTEM32\dhcpcsvc.DLL
0x00007ff8a40b0000 - 0x00007ff8a40be000 	C:\Users\HP\.vscode\extensions\redhat.java-1.53.0-win32-x64\jre\21.0.10-win32-x86_64\bin\sunmscapi.dll
0x00007ff8c95c0000 - 0x00007ff8c9728000 	C:\Windows\System32\CRYPT32.dll
0x00007ff8c8dd0000 - 0x00007ff8c8dfe000 	C:\Windows\SYSTEM32\ncrypt.dll
0x00007ff8c8d90000 - 0x00007ff8c8dc7000 	C:\Windows\SYSTEM32\NTASN1.dll
0x00007ff8c7fa0000 - 0x00007ff8c8098000 	C:\Windows\SYSTEM32\DNSAPI.dll
0x00007ff8ba4a0000 - 0x00007ff8ba4aa000 	C:\Windows\System32\rasadhlp.dll
0x00007ff8bdc20000 - 0x00007ff8bdca4000 	C:\Windows\System32\fwpuclnt.dll
0x00007ff8a3e30000 - 0x00007ff8a3e39000 	C:\Users\HP\.vscode\extensions\redhat.java-1.53.0-win32-x64\jre\21.0.10-win32-x86_64\bin\extnet.dll
0x00007ff865a00000 - 0x00007ff865a08000 	C:\Windows\system32\wshunix.dll

JVMTI agents:
c:\Users\HP\.vscode\extensions\redhat.java-1.53.0-win32-x64\lombok\lombok-1.18.39-4050.jar path:c:\Users\HP\.vscode\extensions\redhat.java-1.53.0-win32-x64\jre\21.0.10-win32-x86_64\bin\instrument.dll, loaded, initialized, instrumentlib options:none

dbghelp: loaded successfully - version: 4.0.5 - missing functions: none
symbol engine: initialized successfully - sym options: 0x614 - pdb path: .;c:\Users\HP\.vscode\extensions\redhat.java-1.53.0-win32-x64\jre\21.0.10-win32-x86_64\bin;C:\Windows\SYSTEM32;C:\Windows\WinSxS\amd64_microsoft.windows.common-controls_6595b64144ccf1df_6.0.22621.6060_none_2712eda17382d24b;c:\Users\HP\.vscode\extensions\redhat.java-1.53.0-win32-x64\jre\21.0.10-win32-x86_64\bin\server;C:\Users\HP\AppData\Roaming\Code\User\globalStorage\redhat.java\1.53.0\config_win\org.eclipse.equinox.launcher\org.eclipse.equinox.launcher.win32.win32.x86_64_1.3.0.v20260203-2149;C:\Users\HP\AppData\Local\Temp\jna-2312

VM Arguments:
jvm_args: --add-modules=ALL-SYSTEM --add-opens=java.base/java.util=ALL-UNNAMED --add-opens=java.base/java.lang=ALL-UNNAMED --add-opens=java.base/sun.nio.fs=ALL-UNNAMED -Declipse.application=org.eclipse.jdt.ls.core.id1 -Dosgi.bundles.defaultStartLevel=4 -Declipse.product=org.eclipse.jdt.ls.core.product -Djava.import.generatesMetadataFilesAtProjectRoot=false -DDetectVMInstallationsJob.disabled=true -Dfile.encoding=utf8 -XX:+UseParallelGC -XX:GCTimeRatio=4 -XX:AdaptiveSizePolicyWeight=90 -Dsun.zip.disableMemoryMapping=true -Xmx2G -Xms100m -Xlog:disable -javaagent:c:\Users\HP\.vscode\extensions\redhat.java-1.53.0-win32-x64\lombok\lombok-1.18.39-4050.jar -XX:+HeapDumpOnOutOfMemoryError -XX:HeapDumpPath=c:\Users\HP\AppData\Roaming\Code\User\workspaceStorage\b3d969d917db44ecfed6621dfab0d056\redhat.java -Daether.dependencyCollector.impl=bf 
java_command: c:\Users\HP\.vscode\extensions\redhat.java-1.53.0-win32-x64\server\plugins\org.eclipse.equinox.launcher_1.7.100.v20251111-0406.jar -configuration c:\Users\HP\AppData\Roaming\Code\User\globalStorage\redhat.java\1.53.0\config_win -data c:\Users\HP\AppData\Roaming\Code\User\workspaceStorage\b3d969d917db44ecfed6621dfab0d056\redhat.java\jdt_ws --pipe=\\.\pipe\lsp-e7ce58111cd6f087fd5a73d761c6f4cf-sock
java_class_path (initial): c:\Users\HP\.vscode\extensions\redhat.java-1.53.0-win32-x64\server\plugins\org.eclipse.equinox.launcher_1.7.100.v20251111-0406.jar
Launcher Type: SUN_STANDARD

[Global flags]
    uintx AdaptiveSizePolicyWeight                 = 90                                        {product} {command line}
     intx CICompilerCount                          = 4                                         {product} {ergonomic}
    uintx GCTimeRatio                              = 4                                         {product} {command line}
     bool HeapDumpOnOutOfMemoryError               = true                                   {manageable} {command line}
    ccstr HeapDumpPath                             = c:\Users\HP\AppData\Roaming\Code\User\workspaceStorage\b3d969d917db44ecfed6621dfab0d056\redhat.java         {manageable} {command line}
   size_t InitialHeapSize                          = 104857600                                 {product} {command line}
   size_t MaxHeapSize                              = 2147483648                                {product} {command line}
   size_t MaxNewSize                               = 715653120                                 {product} {ergonomic}
   size_t MinHeapDeltaBytes                        = 524288                                    {product} {ergonomic}
   size_t MinHeapSize                              = 104857600                                 {product} {command line}
   size_t NewSize                                  = 34603008                                  {product} {ergonomic}
    uintx NonNMethodCodeHeapSize                   = 5839372                                {pd product} {ergonomic}
    uintx NonProfiledCodeHeapSize                  = 122909434                              {pd product} {ergonomic}
   size_t OldSize                                  = 70254592                                  {product} {ergonomic}
    uintx ProfiledCodeHeapSize                     = 122909434                              {pd product} {ergonomic}
    uintx ReservedCodeCacheSize                    = 251658240                              {pd product} {ergonomic}
     bool SegmentedCodeCache                       = true                                      {product} {ergonomic}
   size_t SoftMaxHeapSize                          = 2147483648                             {manageable} {ergonomic}
     bool UseCompressedOops                        = true                           {product lp64_product} {ergonomic}
     bool UseLargePagesIndividualAllocation        = false                                  {pd product} {ergonomic}
     bool UseParallelGC                            = true                                      {product} {command line}

Logging:
Log output configuration:
 #0: stdout all=off uptime,level,tags foldmultilines=false
 #1: stderr all=off uptime,level,tags foldmultilines=false

Release file:
JAVA_VERSION="21.0.10" 
MODULES="java.base java.compiler java.datatransfer java.xml java.prefs java.desktop java.instrument java.logging java.management java.security.sasl java.naming java.rmi java.management.rmi java.net.http java.scripting java.security.jgss java.transaction.xa java.sql java.sql.rowset java.xml.crypto java.se java.smartcardio jdk.accessibility jdk.internal.jvmstat jdk.attach jdk.charsets jdk.internal.opt jdk.zipfs jdk.compiler jdk.crypto.ec jdk.crypto.cryptoki jdk.crypto.mscapi jdk.dynalink jdk.internal.ed jdk.editpad jdk.hotspot.agent jdk.httpserver jdk.internal.le jdk.internal.vm.ci jdk.internal.vm.compiler jdk.internal.vm.compiler.management jdk.jartool jdk.javadoc jdk.jcmd jdk.management jdk.management.agent jdk.jconsole jdk.jdeps jdk.jdwp.agent jdk.jdi jdk.jfr jdk.jshell jdk.jsobject jdk.jstatd jdk.localedata jdk.management.jfr jdk.naming.dns jdk.naming.rmi jdk.net jdk.nio.mapmode jdk.random jdk.sctp jdk.security.auth jdk.security.jgss jdk.unsupported jdk.unsupported.desktop jdk.xml.dom" 

Environment Variables:
JAVA_HOME=C:\Program Files\Java\jdk-26
PATH=C:\Program Files\Common Files\Oracle\Java\javapath;C:\Program Files (x86)\Common Files\Intel\Shared Files\cpp\bin\Intel64;C:\Windows\system32;C:\Windows;C:\Windows\System32\Wbem;C:\Windows\System32\WindowsPowerShell\v1.0\;C:\Windows\System32\OpenSSH\;C:\Program Files\Java\jdk-26\bin;C:\gcc-15.1.0\bin;C:\Program Files\nodejs\;C:\Program Files\Git\cmd;C:\Users\HP\AppData\Local\Programs\Python\Python313\Scripts\;C:\Users\HP\AppData\Local\Programs\Python\Python313\;C:\Users\HP\AppData\Local\Programs\Python\Launcher\;C:\Users\HP\AppData\Local\Microsoft\WindowsApps;C:\Users\HP\AppData\Local\Programs\Microsoft VS Code\bin;C:\Users\HP\AppData\Roaming\npm;C:\Program Files\MongoDB\Server\8.0\bin;C:\Users\HP\AppData\Local\Programs\mongosh\;C:\Program Files\PostgreSQL\15\bin;C:\Users\HP\Music\flutter\bin;C:\flutter\bin;C:\gcc-15.1.0\x86_64-w64-mingw32\lib\gcc\x86_64-w64-mingw32\15.1.0;
USERNAME=HP
OS=Windows_NT
PROCESSOR_IDENTIFIER=Intel64 Family 6 Model 142 Stepping 10, GenuineIntel
TMP=C:\Users\HP\AppData\Local\Temp
TEMP=C:\Users\HP\AppData\Local\Temp




Periodic native trim disabled

---------------  S Y S T E M  ---------------

OS:
 Windows 11 , 64 bit Build 22621 (10.0.22621.5415)
OS uptime: 0 days 5:59 hours
Hyper-V role detected

CPU: total 8 (initial active 8) (4 cores per cpu, 2 threads per core) family 6 model 142 stepping 10 microcode 0xf6, cx8, cmov, fxsr, ht, mmx, 3dnowpref, sse, sse2, sse3, ssse3, sse4.1, sse4.2, popcnt, lzcnt, tsc, tscinvbit, avx, avx2, aes, erms, clmul, bmi1, bmi2, rtm, adx, fma, vzeroupper, clflush, clflushopt, hv, rdtscp, f16c
Processor Information for processor 0
  Max Mhz: 1896, Current Mhz: 1696, Mhz Limit: 1687
Processor Information for processor 1
  Max Mhz: 1896, Current Mhz: 1696, Mhz Limit: 1687
Processor Information for processor 2
  Max Mhz: 1896, Current Mhz: 1696, Mhz Limit: 1687
Processor Information for processor 3
  Max Mhz: 1896, Current Mhz: 1696, Mhz Limit: 1687
Processor Information for processor 4
  Max Mhz: 1896, Current Mhz: 1696, Mhz Limit: 1687
Processor Information for processor 5
  Max Mhz: 1896, Current Mhz: 1696, Mhz Limit: 1687
Processor Information for processor 6
  Max Mhz: 1896, Current Mhz: 1696, Mhz Limit: 1687
Processor Information for processor 7
  Max Mhz: 1896, Current Mhz: 1496, Mhz Limit: 1687

Memory: 4k page, system-wide physical 12131M (212M free)
TotalPageFile size 18987M (AvailPageFile size 0M)
current process WorkingSet (physical memory assigned to process): 228M, peak: 1761M
current process commit charge ("private bytes"): 1550M, peak: 1746M

vm_info: OpenJDK 64-Bit Server VM (21.0.10+7-LTS) for windows-amd64 JRE (21.0.10+7-LTS), built on 2026-01-20T00:00:00Z by "admin" with MS VC++ 17.12 (VS2022)

END.
